[32m2023-11-14 15:32:00 -0800[0m - dagster - [34mDEBUG[0m - __ASSET_JOB_0 - 37fb3cf1-6738-423c-a73d-6b573d98cebd - 80447 - LOGS_CAPTURED - Started capturing logs in process (pid: 80447).
[32m2023-11-14 15:32:00 -0800[0m - dagster - [34mDEBUG[0m - __ASSET_JOB_0 - 37fb3cf1-6738-423c-a73d-6b573d98cebd - 80447 - model_predict - STEP_START - Started execution of step "model_predict".
â•­â”€â”€â”€â”€â”€â”€â”€â”€â”€â”€â”€â”€â”€â”€â”€â”€â”€â”€â”€â”€â”€ Traceback (most recent call last) â”€â”€â”€â”€â”€â”€â”€â”€â”€â”€â”€â”€â”€â”€â”€â”€â”€â”€â”€â”€â”€â”€â•®
â”‚ /Users/zhangyan/myenv/bin/modal:8 in <module>                                â”‚
â”‚                                                                              â”‚
â”‚   7 â”‚   sys.argv[0] = re.sub(r'(-script\.pyw|\.exe)?$', '', sys.argv[0])     â”‚
â”‚ â± 8 â”‚   sys.exit(main())                                                     â”‚
â”‚   9                                                                          â”‚
â”‚                                                                              â”‚
â”‚ /Users/zhangyan/myenv/lib/python3.9/site-packages/modal/__main__.py:9 in     â”‚
â”‚ main                                                                         â”‚
â”‚                                                                              â”‚
â”‚    8 â”‚   setup_rich_traceback()                                              â”‚
â”‚ â±  9 â”‚   entrypoint_cli()                                                    â”‚
â”‚   10                                                                         â”‚
â”‚                                                                              â”‚
â”‚ /Users/zhangyan/myenv/lib/python3.9/site-packages/click/core.py:1157 in      â”‚
â”‚ __call__                                                                     â”‚
â”‚                                                                              â”‚
â”‚   1156 â”‚   â”‚   """Alias for :meth:`main`."""                                 â”‚
â”‚ â± 1157 â”‚   â”‚   return self.main(*args, **kwargs)                             â”‚
â”‚   1158                                                                       â”‚
â”‚                                                                              â”‚
â”‚ /Users/zhangyan/myenv/lib/python3.9/site-packages/typer/core.py:778 in main  â”‚
â”‚                                                                              â”‚
â”‚   777 â”‚   ) -> Any:                                                          â”‚
â”‚ â± 778 â”‚   â”‚   return _main(                                                  â”‚
â”‚   779 â”‚   â”‚   â”‚   self,                                                      â”‚
â”‚                                                                              â”‚
â”‚ /Users/zhangyan/myenv/lib/python3.9/site-packages/typer/core.py:216 in _main â”‚
â”‚                                                                              â”‚
â”‚   215 â”‚   â”‚   â”‚   with self.make_context(prog_name, args, **extra) as ctx:   â”‚
â”‚ â± 216 â”‚   â”‚   â”‚   â”‚   rv = self.invoke(ctx)                                  â”‚
â”‚   217 â”‚   â”‚   â”‚   â”‚   if not standalone_mode:                                â”‚
â”‚                                                                              â”‚
â”‚ /Users/zhangyan/myenv/lib/python3.9/site-packages/click/core.py:1688 in      â”‚
â”‚ invoke                                                                       â”‚
â”‚                                                                              â”‚
â”‚   1687 â”‚   â”‚   â”‚   â”‚   with sub_ctx:                                         â”‚
â”‚ â± 1688 â”‚   â”‚   â”‚   â”‚   â”‚   return _process_result(sub_ctx.command.invoke(sub â”‚
â”‚   1689                                                                       â”‚
â”‚                                                                              â”‚
â”‚ /Users/zhangyan/myenv/lib/python3.9/site-packages/click/core.py:1688 in      â”‚
â”‚ invoke                                                                       â”‚
â”‚                                                                              â”‚
â”‚   1687 â”‚   â”‚   â”‚   â”‚   with sub_ctx:                                         â”‚
â”‚ â± 1688 â”‚   â”‚   â”‚   â”‚   â”‚   return _process_result(sub_ctx.command.invoke(sub â”‚
â”‚   1689                                                                       â”‚
â”‚                                                                              â”‚
â”‚ /Users/zhangyan/myenv/lib/python3.9/site-packages/click/core.py:1434 in      â”‚
â”‚ invoke                                                                       â”‚
â”‚                                                                              â”‚
â”‚   1433 â”‚   â”‚   if self.callback is not None:                                 â”‚
â”‚ â± 1434 â”‚   â”‚   â”‚   return ctx.invoke(self.callback, **ctx.params)            â”‚
â”‚   1435                                                                       â”‚
â”‚                                                                              â”‚
â”‚ /Users/zhangyan/myenv/lib/python3.9/site-packages/click/core.py:783 in       â”‚
â”‚ invoke                                                                       â”‚
â”‚                                                                              â”‚
â”‚    782 â”‚   â”‚   â”‚   with ctx:                                                 â”‚
â”‚ â±  783 â”‚   â”‚   â”‚   â”‚   return __callback(*args, **kwargs)                    â”‚
â”‚    784                                                                       â”‚
â”‚                                                                              â”‚
â”‚ /Users/zhangyan/myenv/lib/python3.9/site-packages/click/decorators.py:33 in  â”‚
â”‚ new_func                                                                     â”‚
â”‚                                                                              â”‚
â”‚    32 â”‚   def new_func(*args: "P.args", **kwargs: "P.kwargs") -> "R":        â”‚
â”‚ â±  33 â”‚   â”‚   return f(get_current_context(), *args, **kwargs)               â”‚
â”‚    34                                                                        â”‚
â”‚                                                                              â”‚
â”‚ /Users/zhangyan/myenv/lib/python3.9/site-packages/modal/cli/run.py:152 in f  â”‚
â”‚                                                                              â”‚
â”‚   151 â”‚   â”‚   â”‚   if isasync:                                                â”‚
â”‚ â± 152 â”‚   â”‚   â”‚   â”‚   asyncio.run(func(*args, **kwargs))                     â”‚
â”‚   153 â”‚   â”‚   â”‚   else:                                                      â”‚
â”‚                                                                              â”‚
â”‚ /Library/Developer/CommandLineTools/Library/Frameworks/Python3.framework/Ver â”‚
â”‚ sions/3.9/lib/python3.9/asyncio/runners.py:44 in run                         â”‚
â”‚                                                                              â”‚
â”‚   43 â”‚   â”‚   â”‚   loop.set_debug(debug)                                       â”‚
â”‚ â± 44 â”‚   â”‚   return loop.run_until_complete(main)                            â”‚
â”‚   45 â”‚   finally:                                                            â”‚
â”‚                                                                              â”‚
â”‚ /Library/Developer/CommandLineTools/Library/Frameworks/Python3.framework/Ver â”‚
â”‚ sions/3.9/lib/python3.9/asyncio/base_events.py:642 in run_until_complete     â”‚
â”‚                                                                              â”‚
â”‚    641 â”‚   â”‚                                                                 â”‚
â”‚ â±  642 â”‚   â”‚   return future.result()                                        â”‚
â”‚    643                                                                       â”‚
â”‚                                                                              â”‚
â”‚ /Users/zhangyan/myenv/tabby-data-pipeline/predict.py:159 in main             â”‚
â”‚                                                                              â”‚
â”‚   158 â”‚   objs = []                                                          â”‚
â”‚ â± 159 â”‚   with open(whole_path_file) as fin:                                 â”‚
â”‚   160 â”‚   â”‚   for line in fin:                                               â”‚
â•°â”€â”€â”€â”€â”€â”€â”€â”€â”€â”€â”€â”€â”€â”€â”€â”€â”€â”€â”€â”€â”€â”€â”€â”€â”€â”€â”€â”€â”€â”€â”€â”€â”€â”€â”€â”€â”€â”€â”€â”€â”€â”€â”€â”€â”€â”€â”€â”€â”€â”€â”€â”€â”€â”€â”€â”€â”€â”€â”€â”€â”€â”€â”€â”€â”€â”€â”€â”€â”€â”€â”€â”€â”€â”€â”€â”€â”€â”€â•¯
FileNotFoundError: [Errno 2] No such file or directory: 
'./data/StarCoder-3B/python/line_completion.jsonl'
â•­â”€â”€â”€â”€â”€â”€â”€â”€â”€â”€â”€â”€â”€â”€â”€â”€â”€â”€â”€â”€â”€ Traceback (most recent call last) â”€â”€â”€â”€â”€â”€â”€â”€â”€â”€â”€â”€â”€â”€â”€â”€â”€â”€â”€â”€â”€â”€â•®
â”‚ /Users/zhangyan/myenv/bin/modal:8 in <module>                                â”‚
â”‚                                                                              â”‚
â”‚   7 â”‚   sys.argv[0] = re.sub(r'(-script\.pyw|\.exe)?$', '', sys.argv[0])     â”‚
â”‚ â± 8 â”‚   sys.exit(main())                                                     â”‚
â”‚   9                                                                          â”‚
â”‚                                                                              â”‚
â”‚ /Users/zhangyan/myenv/lib/python3.9/site-packages/modal/__main__.py:9 in     â”‚
â”‚ main                                                                         â”‚
â”‚                                                                              â”‚
â”‚    8 â”‚   setup_rich_traceback()                                              â”‚
â”‚ â±  9 â”‚   entrypoint_cli()                                                    â”‚
â”‚   10                                                                         â”‚
â”‚                                                                              â”‚
â”‚ /Users/zhangyan/myenv/lib/python3.9/site-packages/click/core.py:1157 in      â”‚
â”‚ __call__                                                                     â”‚
â”‚                                                                              â”‚
â”‚   1156 â”‚   â”‚   """Alias for :meth:`main`."""                                 â”‚
â”‚ â± 1157 â”‚   â”‚   return self.main(*args, **kwargs)                             â”‚
â”‚   1158                                                                       â”‚
â”‚                                                                              â”‚
â”‚ /Users/zhangyan/myenv/lib/python3.9/site-packages/typer/core.py:778 in main  â”‚
â”‚                                                                              â”‚
â”‚   777 â”‚   ) -> Any:                                                          â”‚
â”‚ â± 778 â”‚   â”‚   return _main(                                                  â”‚
â”‚   779 â”‚   â”‚   â”‚   self,                                                      â”‚
â”‚                                                                              â”‚
â”‚ /Users/zhangyan/myenv/lib/python3.9/site-packages/typer/core.py:216 in _main â”‚
â”‚                                                                              â”‚
â”‚   215 â”‚   â”‚   â”‚   with self.make_context(prog_name, args, **extra) as ctx:   â”‚
â”‚ â± 216 â”‚   â”‚   â”‚   â”‚   rv = self.invoke(ctx)                                  â”‚
â”‚   217 â”‚   â”‚   â”‚   â”‚   if not standalone_mode:                                â”‚
â”‚                                                                              â”‚
â”‚ /Users/zhangyan/myenv/lib/python3.9/site-packages/click/core.py:1688 in      â”‚
â”‚ invoke                                                                       â”‚
â”‚                                                                              â”‚
â”‚   1687 â”‚   â”‚   â”‚   â”‚   with sub_ctx:                                         â”‚
â”‚ â± 1688 â”‚   â”‚   â”‚   â”‚   â”‚   return _process_result(sub_ctx.command.invoke(sub â”‚
â”‚   1689                                                                       â”‚
â”‚                                                                              â”‚
â”‚ /Users/zhangyan/myenv/lib/python3.9/site-packages/click/core.py:1688 in      â”‚
â”‚ invoke                                                                       â”‚
â”‚                                                                              â”‚
â”‚   1687 â”‚   â”‚   â”‚   â”‚   with sub_ctx:                                         â”‚
â”‚ â± 1688 â”‚   â”‚   â”‚   â”‚   â”‚   return _process_result(sub_ctx.command.invoke(sub â”‚
â”‚   1689                                                                       â”‚
â”‚                                                                              â”‚
â”‚ /Users/zhangyan/myenv/lib/python3.9/site-packages/click/core.py:1434 in      â”‚
â”‚ invoke                                                                       â”‚
â”‚                                                                              â”‚
â”‚   1433 â”‚   â”‚   if self.callback is not None:                                 â”‚
â”‚ â± 1434 â”‚   â”‚   â”‚   return ctx.invoke(self.callback, **ctx.params)            â”‚
â”‚   1435                                                                       â”‚
â”‚                                                                              â”‚
â”‚ /Users/zhangyan/myenv/lib/python3.9/site-packages/click/core.py:783 in       â”‚
â”‚ invoke                                                                       â”‚
â”‚                                                                              â”‚
â”‚    782 â”‚   â”‚   â”‚   with ctx:                                                 â”‚
â”‚ â±  783 â”‚   â”‚   â”‚   â”‚   return __callback(*args, **kwargs)                    â”‚
â”‚    784                                                                       â”‚
â”‚                                                                              â”‚
â”‚ /Users/zhangyan/myenv/lib/python3.9/site-packages/click/decorators.py:33 in  â”‚
â”‚ new_func                                                                     â”‚
â”‚                                                                              â”‚
â”‚    32 â”‚   def new_func(*args: "P.args", **kwargs: "P.kwargs") -> "R":        â”‚
â”‚ â±  33 â”‚   â”‚   return f(get_current_context(), *args, **kwargs)               â”‚
â”‚    34                                                                        â”‚
â”‚                                                                              â”‚
â”‚ /Users/zhangyan/myenv/lib/python3.9/site-packages/modal/cli/run.py:152 in f  â”‚
â”‚                                                                              â”‚
â”‚   151 â”‚   â”‚   â”‚   if isasync:                                                â”‚
â”‚ â± 152 â”‚   â”‚   â”‚   â”‚   asyncio.run(func(*args, **kwargs))                     â”‚
â”‚   153 â”‚   â”‚   â”‚   else:                                                      â”‚
â”‚                                                                              â”‚
â”‚ /Library/Developer/CommandLineTools/Library/Frameworks/Python3.framework/Ver â”‚
â”‚ sions/3.9/lib/python3.9/asyncio/runners.py:44 in run                         â”‚
â”‚                                                                              â”‚
â”‚   43 â”‚   â”‚   â”‚   loop.set_debug(debug)                                       â”‚
â”‚ â± 44 â”‚   â”‚   return loop.run_until_complete(main)                            â”‚
â”‚   45 â”‚   finally:                                                            â”‚
â”‚                                                                              â”‚
â”‚ /Library/Developer/CommandLineTools/Library/Frameworks/Python3.framework/Ver â”‚
â”‚ sions/3.9/lib/python3.9/asyncio/base_events.py:642 in run_until_complete     â”‚
â”‚                                                                              â”‚
â”‚    641 â”‚   â”‚                                                                 â”‚
â”‚ â±  642 â”‚   â”‚   return future.result()                                        â”‚
â”‚    643                                                                       â”‚
â”‚                                                                              â”‚
â”‚ /Users/zhangyan/myenv/tabby-data-pipeline/predict.py:159 in main             â”‚
â”‚                                                                              â”‚
â”‚   158 â”‚   objs = []                                                          â”‚
â”‚ â± 159 â”‚   with open(whole_path_file) as fin:                                 â”‚
â”‚   160 â”‚   â”‚   for line in fin:                                               â”‚
â•°â”€â”€â”€â”€â”€â”€â”€â”€â”€â”€â”€â”€â”€â”€â”€â”€â”€â”€â”€â”€â”€â”€â”€â”€â”€â”€â”€â”€â”€â”€â”€â”€â”€â”€â”€â”€â”€â”€â”€â”€â”€â”€â”€â”€â”€â”€â”€â”€â”€â”€â”€â”€â”€â”€â”€â”€â”€â”€â”€â”€â”€â”€â”€â”€â”€â”€â”€â”€â”€â”€â”€â”€â”€â”€â”€â”€â”€â”€â•¯
FileNotFoundError: [Errno 2] No such file or directory: 
'./data/StarCoder-3B/python/line_completion_rg1_bm25.jsonl'
â•­â”€â”€â”€â”€â”€â”€â”€â”€â”€â”€â”€â”€â”€â”€â”€â”€â”€â”€â”€â”€â”€ Traceback (most recent call last) â”€â”€â”€â”€â”€â”€â”€â”€â”€â”€â”€â”€â”€â”€â”€â”€â”€â”€â”€â”€â”€â”€â•®
â”‚ /Users/zhangyan/myenv/bin/modal:8 in <module>                                â”‚
â”‚                                                                              â”‚
â”‚   7 â”‚   sys.argv[0] = re.sub(r'(-script\.pyw|\.exe)?$', '', sys.argv[0])     â”‚
â”‚ â± 8 â”‚   sys.exit(main())                                                     â”‚
â”‚   9                                                                          â”‚
â”‚                                                                              â”‚
â”‚ /Users/zhangyan/myenv/lib/python3.9/site-packages/modal/__main__.py:9 in     â”‚
â”‚ main                                                                         â”‚
â”‚                                                                              â”‚
â”‚    8 â”‚   setup_rich_traceback()                                              â”‚
â”‚ â±  9 â”‚   entrypoint_cli()                                                    â”‚
â”‚   10                                                                         â”‚
â”‚                                                                              â”‚
â”‚ /Users/zhangyan/myenv/lib/python3.9/site-packages/click/core.py:1157 in      â”‚
â”‚ __call__                                                                     â”‚
â”‚                                                                              â”‚
â”‚   1156 â”‚   â”‚   """Alias for :meth:`main`."""                                 â”‚
â”‚ â± 1157 â”‚   â”‚   return self.main(*args, **kwargs)                             â”‚
â”‚   1158                                                                       â”‚
â”‚                                                                              â”‚
â”‚ /Users/zhangyan/myenv/lib/python3.9/site-packages/typer/core.py:778 in main  â”‚
â”‚                                                                              â”‚
â”‚   777 â”‚   ) -> Any:                                                          â”‚
â”‚ â± 778 â”‚   â”‚   return _main(                                                  â”‚
â”‚   779 â”‚   â”‚   â”‚   self,                                                      â”‚
â”‚                                                                              â”‚
â”‚ /Users/zhangyan/myenv/lib/python3.9/site-packages/typer/core.py:216 in _main â”‚
â”‚                                                                              â”‚
â”‚   215 â”‚   â”‚   â”‚   with self.make_context(prog_name, args, **extra) as ctx:   â”‚
â”‚ â± 216 â”‚   â”‚   â”‚   â”‚   rv = self.invoke(ctx)                                  â”‚
â”‚   217 â”‚   â”‚   â”‚   â”‚   if not standalone_mode:                                â”‚
â”‚                                                                              â”‚
â”‚ /Users/zhangyan/myenv/lib/python3.9/site-packages/click/core.py:1688 in      â”‚
â”‚ invoke                                                                       â”‚
â”‚                                                                              â”‚
â”‚   1687 â”‚   â”‚   â”‚   â”‚   with sub_ctx:                                         â”‚
â”‚ â± 1688 â”‚   â”‚   â”‚   â”‚   â”‚   return _process_result(sub_ctx.command.invoke(sub â”‚
â”‚   1689                                                                       â”‚
â”‚                                                                              â”‚
â”‚ /Users/zhangyan/myenv/lib/python3.9/site-packages/click/core.py:1688 in      â”‚
â”‚ invoke                                                                       â”‚
â”‚                                                                              â”‚
â”‚   1687 â”‚   â”‚   â”‚   â”‚   with sub_ctx:                                         â”‚
â”‚ â± 1688 â”‚   â”‚   â”‚   â”‚   â”‚   return _process_result(sub_ctx.command.invoke(sub â”‚
â”‚   1689                                                                       â”‚
â”‚                                                                              â”‚
â”‚ /Users/zhangyan/myenv/lib/python3.9/site-packages/click/core.py:1434 in      â”‚
â”‚ invoke                                                                       â”‚
â”‚                                                                              â”‚
â”‚   1433 â”‚   â”‚   if self.callback is not None:                                 â”‚
â”‚ â± 1434 â”‚   â”‚   â”‚   return ctx.invoke(self.callback, **ctx.params)            â”‚
â”‚   1435                                                                       â”‚
â”‚                                                                              â”‚
â”‚ /Users/zhangyan/myenv/lib/python3.9/site-packages/click/core.py:783 in       â”‚
â”‚ invoke                                                                       â”‚
â”‚                                                                              â”‚
â”‚    782 â”‚   â”‚   â”‚   with ctx:                                                 â”‚
â”‚ â±  783 â”‚   â”‚   â”‚   â”‚   return __callback(*args, **kwargs)                    â”‚
â”‚    784                                                                       â”‚
â”‚                                                                              â”‚
â”‚ /Users/zhangyan/myenv/lib/python3.9/site-packages/click/decorators.py:33 in  â”‚
â”‚ new_func                                                                     â”‚
â”‚                                                                              â”‚
â”‚    32 â”‚   def new_func(*args: "P.args", **kwargs: "P.kwargs") -> "R":        â”‚
â”‚ â±  33 â”‚   â”‚   return f(get_current_context(), *args, **kwargs)               â”‚
â”‚    34                                                                        â”‚
â”‚                                                                              â”‚
â”‚ /Users/zhangyan/myenv/lib/python3.9/site-packages/modal/cli/run.py:152 in f  â”‚
â”‚                                                                              â”‚
â”‚   151 â”‚   â”‚   â”‚   if isasync:                                                â”‚
â”‚ â± 152 â”‚   â”‚   â”‚   â”‚   asyncio.run(func(*args, **kwargs))                     â”‚
â”‚   153 â”‚   â”‚   â”‚   else:                                                      â”‚
â”‚                                                                              â”‚
â”‚ /Library/Developer/CommandLineTools/Library/Frameworks/Python3.framework/Ver â”‚
â”‚ sions/3.9/lib/python3.9/asyncio/runners.py:44 in run                         â”‚
â”‚                                                                              â”‚
â”‚   43 â”‚   â”‚   â”‚   loop.set_debug(debug)                                       â”‚
â”‚ â± 44 â”‚   â”‚   return loop.run_until_complete(main)                            â”‚
â”‚   45 â”‚   finally:                                                            â”‚
â”‚                                                                              â”‚
â”‚ /Library/Developer/CommandLineTools/Library/Frameworks/Python3.framework/Ver â”‚
â”‚ sions/3.9/lib/python3.9/asyncio/base_events.py:642 in run_until_complete     â”‚
â”‚                                                                              â”‚
â”‚    641 â”‚   â”‚                                                                 â”‚
â”‚ â±  642 â”‚   â”‚   return future.result()                                        â”‚
â”‚    643                                                                       â”‚
â”‚                                                                              â”‚
â”‚ /Users/zhangyan/myenv/tabby-data-pipeline/predict.py:159 in main             â”‚
â”‚                                                                              â”‚
â”‚   158 â”‚   objs = []                                                          â”‚
â”‚ â± 159 â”‚   with open(whole_path_file) as fin:                                 â”‚
â”‚   160 â”‚   â”‚   for line in fin:                                               â”‚
â•°â”€â”€â”€â”€â”€â”€â”€â”€â”€â”€â”€â”€â”€â”€â”€â”€â”€â”€â”€â”€â”€â”€â”€â”€â”€â”€â”€â”€â”€â”€â”€â”€â”€â”€â”€â”€â”€â”€â”€â”€â”€â”€â”€â”€â”€â”€â”€â”€â”€â”€â”€â”€â”€â”€â”€â”€â”€â”€â”€â”€â”€â”€â”€â”€â”€â”€â”€â”€â”€â”€â”€â”€â”€â”€â”€â”€â”€â”€â•¯
FileNotFoundError: [Errno 2] No such file or directory: 
'./data/StarCoder-3B/python/line_completion_oracle_bm25.jsonl'
[32m2023-11-14 15:35:42 -0800[0m - dagster - [34mDEBUG[0m - __ASSET_JOB_0 - 37fb3cf1-6738-423c-a73d-6b573d98cebd - 80447 - model_predict - STEP_OUTPUT - Yielded output "result" of type "Nothing". (Type check passed).
[32m2023-11-14 15:35:42 -0800[0m - dagster - [34mDEBUG[0m - __ASSET_JOB_0 - 37fb3cf1-6738-423c-a73d-6b573d98cebd - 80447 - model_predict - ASSET_MATERIALIZATION - Materialized value model_predict.
[32m2023-11-14 15:35:42 -0800[0m - dagster - [34mDEBUG[0m - __ASSET_JOB_0 - 37fb3cf1-6738-423c-a73d-6b573d98cebd - 80447 - model_predict - HANDLED_OUTPUT - Handled output "result" using IO manager "io_manager"
[32m2023-11-14 15:35:42 -0800[0m - dagster - [34mDEBUG[0m - __ASSET_JOB_0 - 37fb3cf1-6738-423c-a73d-6b573d98cebd - 80447 - model_predict - STEP_SUCCESS - Finished execution of step "model_predict" in 3m42s.
