✓ Initialized. View app at https://modal.com/apps/ap-SCi9kLqZ50vnP1ienY8Kq8
Building image im-AaZTuQo2XQzNy1yB2V49bG

=> Step 0: FROM base

=> Step 1: COPY tabby_model_id /tmp/tabby_model_id
Creating image snapshot...
Finished snapshot; took 644.98ms

Built image im-AaZTuQo2XQzNy1yB2V49bG in 1.38s
Building image im-M76IKUkoIbUhSBJUW7EO9X

=> Step 0: running function 'download_model'
MODEL_ID=TabbyML/StarCoder-1B
Writing to new file.
[2m2023-11-14T23:37:51.048824Z[0m [32m INFO[0m [2mtabby::download[0m[2m:[0m [2mcrates/tabby/src/download.rs[0m[2m:[0m[2m18:[0m model 'TabbyML/StarCoder-1B' is ready
Creating image snapshot...
Finished snapshot; took 2.52s
Finished image build for im-M76IKUkoIbUhSBJUW7EO9X
✓ Created objects.
├── 🔨 Created mount /tmp/tabby_model_id
├── 🔨 Created download_model.
├── 🔨 Created mount /Users/zhangyan/myenv/tabby-data-pipeline/predict.py
├── 🔨 Created Model.health.
├── 🔨 Created mount /Users/zhangyan/myenv/tabby-data-pipeline/predict.py
└── 🔨 Created Model.complete.
TabbyML/StarCoder-1B
model info:
MODEL_ID=TabbyML/StarCoder-1B
[2m2023-11-14T23:37:59.838533Z[0m [32m INFO[0m [2mtabby::serve[0m[2m:[0m [2mcrates/tabby/src/serve/mod.rs[0m[2m:[0m[2m146:[0m Starting server, this might takes a few minutes...
ggml_init_cublas: GGML_CUDA_FORCE_MMQ:   no
ggml_init_cublas: CUDA_USE_TENSOR_CORES: yes
ggml_init_cublas: found 1 CUDA devices:
  Device 0: NVIDIA A10, compute capability 8.6
[2m2023-11-14T23:38:03.383000Z[0m [32m INFO[0m [2mtabby::serve[0m[2m:[0m [2mcrates/tabby/src/serve/mod.rs[0m[2m:[0m[2m165:[0m Listening at 0.0.0.0:8000

  [34;1mTELEMETRY[0m

  As an open source project, we collect usage statistics to inform development priorities. For more
  information, read https://tabby.tabbyml.com/docs/configuration#usage-collection

  We will not see or any code in your development process.

  To opt-out, add the TABBY_DISABLE_USAGE_COLLECTION=1 to your tabby server's environment variables.

  [1mWelcome to Tabby![0m

  If you have any questions or would like to engage with the Tabby team, please join us on Slack
  (https://tinyurl.com/35sv9kz2).


Tabby server ready!
{'model': 'TabbyML/StarCoder-1B', 'device': 'cuda', 'arch': 'x86_64', 'cpu_info': 'unknown', 'cpu_count': 5, 'cuda_devices': ['NVIDIA A10'], 'version': {'build_date': '2023-11-09', 'build_timestamp': '2023-11-09T08:32:59.322650201Z', 'git_sha': '507a9d937b7c99c85e8dfd7af76f65ea513d9945', 'git_describe': 'v0.5.5'}}
MODEL_ID=TabbyML/StarCoder-1B
[2m2023-11-14T23:38:08.743954Z[0m [32m INFO[0m [2mtabby::serve[0m[2m:[0m [2mcrates/tabby/src/serve/mod.rs[0m[2m:[0m[2m146:[0m Starting server, this might takes a few minutes...
ggml_init_cublas: GGML_CUDA_FORCE_MMQ:   no
MODEL_ID=TabbyML/StarCoder-1B
ggml_init_cublas: CUDA_USE_TENSOR_CORES: yes
ggml_init_cublas: found 1 CUDA devices:
  Device 0: NVIDIA A10, compute capability 8.6
[2m2023-11-14T23:38:09.188937Z[0m [32m INFO[0m [2mtabby::serve[0m[2m:[0m [2mcrates/tabby/src/serve/mod.rs[0m[2m:[0m[2m146:[0m Starting server, this might takes a few minutes...
MODEL_ID=TabbyML/StarCoder-1B
ggml_init_cublas: GGML_CUDA_FORCE_MMQ:   no
ggml_init_cublas: CUDA_USE_TENSOR_CORES: yes
ggml_init_cublas: found 1 CUDA devices:
  Device 0: NVIDIA A10, compute capability 8.6
[2m2023-11-14T23:38:09.361352Z[0m [32m INFO[0m [2mtabby::serve[0m[2m:[0m [2mcrates/tabby/src/serve/mod.rs[0m[2m:[0m[2m146:[0m Starting server, this might takes a few minutes...
ggml_init_cublas: GGML_CUDA_FORCE_MMQ:   no
ggml_init_cublas: CUDA_USE_TENSOR_CORES: yes
ggml_init_cublas: found 1 CUDA devices:
  Device 0: NVIDIA A10, compute capability 8.6
MODEL_ID=TabbyML/StarCoder-1B
MODEL_ID=TabbyML/StarCoder-1B
[2m2023-11-14T23:38:09.812167Z[0m [32m INFO[0m [2mtabby::serve[0m[2m:[0m [2mcrates/tabby/src/serve/mod.rs[0m[2m:[0m[2m146:[0m Starting server, this might takes a few minutes...
[2m2023-11-14T23:38:09.872931Z[0m [32m INFO[0m [2mtabby::serve[0m[2m:[0m [2mcrates/tabby/src/serve/mod.rs[0m[2m:[0m[2m146:[0m Starting server, this might takes a few minutes...
ggml_init_cublas: GGML_CUDA_FORCE_MMQ:   no
ggml_init_cublas: GGML_CUDA_FORCE_MMQ:   no
ggml_init_cublas: CUDA_USE_TENSOR_CORES: yes
ggml_init_cublas: found 1 CUDA devices:
  Device 0: NVIDIA A10, compute capability 8.6
ggml_init_cublas: CUDA_USE_TENSOR_CORES: yes
ggml_init_cublas: found 1 CUDA devices:
  Device 0: NVIDIA A10, compute capability 8.6
[2m2023-11-14T23:38:11.885045Z[0m [32m INFO[0m [2mtabby::serve[0m[2m:[0m [2mcrates/tabby/src/serve/mod.rs[0m[2m:[0m[2m165:[0m Listening at 0.0.0.0:8000

  [34;1mTELEMETRY[0m

  As an open source project, we collect usage statistics to inform development priorities. For more
  information, read https://tabby.tabbyml.com/docs/configuration#usage-collection

  We will not see or any code in your development process.

  To opt-out, add the TABBY_DISABLE_USAGE_COLLECTION=1 to your tabby server's environment variables.

  [1mWelcome to Tabby![0m

  If you have any questions or would like to engage with the Tabby team, please join us on Slack
  (https://tinyurl.com/35sv9kz2).


Tabby server ready![2m2023-11-14T23:38:12.728754Z[0m [32m INFO[0m [2mtabby::serve[0m[2m:[0m [2mcrates/tabby/src/serve/mod.rs[0m[2m:[0m[2m165:[0m Listening at 0.0.0.0:8000


  [34;1mTELEMETRY[0m

  As an open source project, we collect usage statistics to inform development priorities. For more
  information, read https://tabby.tabbyml.com/docs/configuration#usage-collection

  We will not see or any code in your development process.

  To opt-out, add the TABBY_DISABLE_USAGE_COLLECTION=1 to your tabby server's environment variables.

  [1mWelcome to Tabby![0m

  If you have any questions or would like to engage with the Tabby team, please join us on Slack
  (https://tinyurl.com/35sv9kz2).


[2m2023-11-14T23:38:12.780940Z[0m [32m INFO[0m [2mtabby::serve[0m[2m:[0m [2mcrates/tabby/src/serve/mod.rs[0m[2m:[0m[2m165:[0m Listening at 0.0.0.0:8000

  [34;1mTELEMETRY[0m

  As an open source project, we collect usage statistics to inform development priorities. For more
  information, read https://tabby.tabbyml.com/docs/configuration#usage-collection

  We will not see or any code in your development process.

  To opt-out, add the TABBY_DISABLE_USAGE_COLLECTION=1 to your tabby server's environment variables.

  [1mWelcome to Tabby![0m

  If you have any questions or would like to engage with the Tabby team, please join us on Slack
  (https://tinyurl.com/35sv9kz2).


[2m2023-11-14T23:38:12.862008Z[0m [32m INFO[0m [2mtabby::serve[0m[2m:[0m [2mcrates/tabby/src/serve/mod.rs[0m[2m:[0m[2m165:[0m Listening at 0.0.0.0:8000

  [34;1mTELEMETRY[0m

  As an open source project, we collect usage statistics to inform development priorities. For more
  information, read https://tabby.tabbyml.com/docs/configuration#usage-collection

  We will not see or any code in your development process.

  To opt-out, add the TABBY_DISABLE_USAGE_COLLECTION=1 to your tabby server's environment variables.

  [1mWelcome to Tabby![0m

  If you have any questions or would like to engage with the Tabby team, please join us on Slack
  (https://tinyurl.com/35sv9kz2).


[2m2023-11-14T23:38:12.995815Z[0m [32m INFO[0m [2mtabby::serve[0m[2m:[0m [2mcrates/tabby/src/serve/mod.rs[0m[2m:[0m[2m165:[0m Listening at 0.0.0.0:8000

  [34;1mTELEMETRY[0m

  As an open source project, we collect usage statistics to inform development priorities. For more
  information, read https://tabby.tabbyml.com/docs/configuration#usage-collection

  We will not see or any code in your development process.

  To opt-out, add the TABBY_DISABLE_USAGE_COLLECTION=1 to your tabby server's environment variables.

  [1mWelcome to Tabby![0m

  If you have any questions or would like to engage with the Tabby team, please join us on Slack
  (https://tinyurl.com/35sv9kz2).


Tabby server ready!
Tabby server ready!
Tabby server ready!
Tabby server ready!
Skipped 0 rows, 10 rows with predictions, 0 rows with errors
✓ App completed.
✓ Initialized. View app at https://modal.com/apps/ap-ZICOFOgcd7ZLU0VcheD0E4
✓ Created objects.
├── 🔨 Created mount /tmp/tabby_model_id
├── 🔨 Created download_model.
├── 🔨 Created mount /Users/zhangyan/myenv/tabby-data-pipeline/predict.py
├── 🔨 Created Model.health.
├── 🔨 Created mount /Users/zhangyan/myenv/tabby-data-pipeline/predict.py
└── 🔨 Created Model.complete.
TabbyML/StarCoder-1B
model info:
MODEL_ID=TabbyML/StarCoder-1B
[2m2023-11-14T23:38:24.099008Z[0m [32m INFO[0m [2mtabby::serve[0m[2m:[0m [2mcrates/tabby/src/serve/mod.rs[0m[2m:[0m[2m146:[0m Starting server, this might takes a few minutes...
ggml_init_cublas: GGML_CUDA_FORCE_MMQ:   no
ggml_init_cublas: CUDA_USE_TENSOR_CORES: yes
ggml_init_cublas: found 1 CUDA devices:
  Device 0: NVIDIA A10, compute capability 8.6
[2m2023-11-14T23:38:27.089925Z[0m [32m INFO[0m [2mtabby::serve[0m[2m:[0m [2mcrates/tabby/src/serve/mod.rs[0m[2m:[0m[2m165:[0m Listening at 0.0.0.0:8000

  [34;1mTELEMETRY[0m

  As an open source project, we collect usage statistics to inform development priorities. For more
  information, read https://tabby.tabbyml.com/docs/configuration#usage-collection

  We will not see or any code in your development process.

  To opt-out, add the TABBY_DISABLE_USAGE_COLLECTION=1 to your tabby server's environment variables.

  [1mWelcome to Tabby![0m

  If you have any questions or would like to engage with the Tabby team, please join us on Slack
  (https://tinyurl.com/35sv9kz2).


Tabby server ready!
{'model': 'TabbyML/StarCoder-1B', 'device': 'cuda', 'arch': 'x86_64', 'cpu_info': 'unknown', 'cpu_count': 5, 'cuda_devices': ['NVIDIA A10'], 'version': {'build_date': '2023-11-09', 'build_timestamp': '2023-11-09T08:32:59.322650201Z', 'git_sha': '507a9d937b7c99c85e8dfd7af76f65ea513d9945', 'git_describe': 'v0.5.5'}}
MODEL_ID=TabbyML/StarCoder-1B
[2m2023-11-14T23:38:31.614314Z[0m [32m INFO[0m [2mtabby::serve[0m[2m:[0m [2mcrates/tabby/src/serve/mod.rs[0m[2m:[0m[2m146:[0m Starting server, this might takes a few minutes...
ggml_init_cublas: GGML_CUDA_FORCE_MMQ:   no
ggml_init_cublas: CUDA_USE_TENSOR_CORES: yes
ggml_init_cublas: found 1 CUDA devices:
  Device 0: NVIDIA A10, compute capability 8.6
MODEL_ID=TabbyML/StarCoder-1B
[2m2023-11-14T23:38:32.573027Z[0m [32m INFO[0m [2mtabby::serve[0m[2m:[0m [2mcrates/tabby/src/serve/mod.rs[0m[2m:[0m[2m146:[0m Starting server, this might takes a few minutes...
ggml_init_cublas: GGML_CUDA_FORCE_MMQ:   no
ggml_init_cublas: CUDA_USE_TENSOR_CORES: yes
ggml_init_cublas: found 1 CUDA devices:
  Device 0: NVIDIA A10, compute capability 8.6
MODEL_ID=TabbyML/StarCoder-1B
[2m2023-11-14T23:38:33.552004Z[0m [32m INFO[0m [2mtabby::serve[0m[2m:[0m [2mcrates/tabby/src/serve/mod.rs[0m[2m:[0m[2m146:[0m Starting server, this might takes a few minutes...
ggml_init_cublas: GGML_CUDA_FORCE_MMQ:   no
ggml_init_cublas: CUDA_USE_TENSOR_CORES: yes
ggml_init_cublas: found 1 CUDA devices:
  Device 0: NVIDIA A10, compute capability 8.6
MODEL_ID=TabbyML/StarCoder-1B
[2m2023-11-14T23:38:34.041334Z[0m [32m INFO[0m [2mtabby::serve[0m[2m:[0m [2mcrates/tabby/src/serve/mod.rs[0m[2m:[0m[2m146:[0m Starting server, this might takes a few minutes...
ggml_init_cublas: GGML_CUDA_FORCE_MMQ:   no
ggml_init_cublas: CUDA_USE_TENSOR_CORES: yes
ggml_init_cublas: found 1 CUDA devices:
  Device 0: NVIDIA A10, compute capability 8.6
[2m2023-11-14T23:38:34.647275Z[0m [32m INFO[0m [2mtabby::serve[0m[2m:[0m [2mcrates/tabby/src/serve/mod.rs[0m[2m:[0m[2m165:[0m Listening at 0.0.0.0:8000

  [34;1mTELEMETRY[0m

  As an open source project, we collect usage statistics to inform development priorities. For more
  information, read https://tabby.tabbyml.com/docs/configuration#usage-collection

  We will not see or any code in your development process.

  To opt-out, add the TABBY_DISABLE_USAGE_COLLECTION=1 to your tabby server's environment variables.

  [1mWelcome to Tabby![0m

  If you have any questions or would like to engage with the Tabby team, please join us on Slack
  (https://tinyurl.com/35sv9kz2).


Tabby server ready!
[2m2023-11-14T23:38:35.715583Z[0m [32m INFO[0m [2mtabby::serve[0m[2m:[0m [2mcrates/tabby/src/serve/mod.rs[0m[2m:[0m[2m165:[0m Listening at 0.0.0.0:8000

  [34;1mTELEMETRY[0m

  As an open source project, we collect usage statistics to inform development priorities. For more
  information, read https://tabby.tabbyml.com/docs/configuration#usage-collection

  We will not see or any code in your development process.

  To opt-out, add the TABBY_DISABLE_USAGE_COLLECTION=1 to your tabby server's environment variables.

  [1mWelcome to Tabby![0m

  If you have any questions or would like to engage with the Tabby team, please join us on Slack
  (https://tinyurl.com/35sv9kz2).


Tabby server ready!
MODEL_ID=TabbyML/StarCoder-1B
[2m2023-11-14T23:38:37.166954Z[0m [32m INFO[0m [2mtabby::serve[0m[2m:[0m [2mcrates/tabby/src/serve/mod.rs[0m[2m:[0m[2m165:[0m Listening at 0.0.0.0:8000

  [34;1mTELEMETRY[0m

  As an open source project, we collect usage statistics to inform development priorities. For more
  information, read https://tabby.tabbyml.com/docs/configuration#usage-collection

  We will not see or any code in your development process.

  To opt-out, add the TABBY_DISABLE_USAGE_COLLECTION=1 to your tabby server's environment variables.

  [1mWelcome to Tabby![0m

  If you have any questions or would like to engage with the Tabby team, please join us on Slack
  (https://tinyurl.com/35sv9kz2).


Tabby server ready![2m2023-11-14T23:38:37.471100Z[0m [32m INFO[0m [2mtabby::serve[0m[2m:[0m [2mcrates/tabby/src/serve/mod.rs[0m[2m:[0m[2m146:[0m Starting server, this might takes a few minutes...

ggml_init_cublas: GGML_CUDA_FORCE_MMQ:   no
ggml_init_cublas: CUDA_USE_TENSOR_CORES: yes
ggml_init_cublas: found 1 CUDA devices:
[2m2023-11-14T23:38:37.781993Z[0m [32m INFO[0m [2mtabby::serve[0m[2m:[0m [2mcrates/tabby/src/serve/mod.rs[0m[2m:[0m[2m165:[0m Listening at 0.0.0.0:8000
  Device 0: NVIDIA A10G, compute capability 8.6

  [34;1mTELEMETRY[0m

  As an open source project, we collect usage statistics to inform development priorities. For more
  information, read https://tabby.tabbyml.com/docs/configuration#usage-collection

  We will not see or any code in your development process.

  To opt-out, add the TABBY_DISABLE_USAGE_COLLECTION=1 to your tabby server's environment variables.

  [1mWelcome to Tabby![0m

  If you have any questions or would like to engage with the Tabby team, please join us on Slack
  (https://tinyurl.com/35sv9kz2).


Tabby server ready!
[2m2023-11-14T23:38:41.720320Z[0m [32m INFO[0m [2mtabby::serve[0m[2m:[0m [2mcrates/tabby/src/serve/mod.rs[0m[2m:[0m[2m165:[0m Listening at 0.0.0.0:8000
Skipped 0 rows, 10 rows with predictions, 0 rows with errors

  [34;1mTELEMETRY[0m

  As an open source project, we collect usage statistics to inform development priorities. For more
  information, read https://tabby.tabbyml.com/docs/configuration#usage-collection

  We will not see or any code in your development process.

  To opt-out, add the TABBY_DISABLE_USAGE_COLLECTION=1 to your tabby server's environment variables.

  [1mWelcome to Tabby![0m

  If you have any questions or would like to engage with the Tabby team, please join us on Slack
  (https://tinyurl.com/35sv9kz2).


Tabby server ready!
✓ App completed.
✓ Initialized. View app at https://modal.com/apps/ap-anzdeVBRmNEsAupusjRQ7R
✓ Created objects.
├── 🔨 Created mount /tmp/tabby_model_id
├── 🔨 Created download_model.
├── 🔨 Created mount /Users/zhangyan/myenv/tabby-data-pipeline/predict.py
├── 🔨 Created Model.health.
├── 🔨 Created mount /Users/zhangyan/myenv/tabby-data-pipeline/predict.py
└── 🔨 Created Model.complete.
TabbyML/StarCoder-1B
model info:
MODEL_ID=TabbyML/StarCoder-1B
[2m2023-11-14T23:38:52.385111Z[0m [32m INFO[0m [2mtabby::serve[0m[2m:[0m [2mcrates/tabby/src/serve/mod.rs[0m[2m:[0m[2m146:[0m Starting server, this might takes a few minutes...
ggml_init_cublas: GGML_CUDA_FORCE_MMQ:   no
ggml_init_cublas: CUDA_USE_TENSOR_CORES: yes
ggml_init_cublas: found 1 CUDA devices:
  Device 0: NVIDIA A10, compute capability 8.6
[2m2023-11-14T23:38:55.829860Z[0m [32m INFO[0m [2mtabby::serve[0m[2m:[0m [2mcrates/tabby/src/serve/mod.rs[0m[2m:[0m[2m165:[0m Listening at 0.0.0.0:8000

  [34;1mTELEMETRY[0m

  As an open source project, we collect usage statistics to inform development priorities. For more
  information, read https://tabby.tabbyml.com/docs/configuration#usage-collection

  We will not see or any code in your development process.

  To opt-out, add the TABBY_DISABLE_USAGE_COLLECTION=1 to your tabby server's environment variables.

  [1mWelcome to Tabby![0m

  If you have any questions or would like to engage with the Tabby team, please join us on Slack
  (https://tinyurl.com/35sv9kz2).


Tabby server ready!
{'model': 'TabbyML/StarCoder-1B', 'device': 'cuda', 'arch': 'x86_64', 'cpu_info': 'unknown', 'cpu_count': 5, 'cuda_devices': ['NVIDIA A10'], 'version': {'build_date': '2023-11-09', 'build_timestamp': '2023-11-09T08:32:59.322650201Z', 'git_sha': '507a9d937b7c99c85e8dfd7af76f65ea513d9945', 'git_describe': 'v0.5.5'}}
MODEL_ID=TabbyML/StarCoder-1B
[2m2023-11-14T23:38:59.860064Z[0m [32m INFO[0m [2mtabby::serve[0m[2m:[0m [2mcrates/tabby/src/serve/mod.rs[0m[2m:[0m[2m146:[0m Starting server, this might takes a few minutes...
ggml_init_cublas: GGML_CUDA_FORCE_MMQ:   no
ggml_init_cublas: CUDA_USE_TENSOR_CORES: yes
ggml_init_cublas: found 1 CUDA devices:
  Device 0: NVIDIA A10, compute capability 8.6
MODEL_ID=TabbyML/StarCoder-1B
[2m2023-11-14T23:39:01.512595Z[0m [32m INFO[0m [2mtabby::serve[0m[2m:[0m [2mcrates/tabby/src/serve/mod.rs[0m[2m:[0m[2m146:[0m Starting server, this might takes a few minutes...
MODEL_ID=TabbyML/StarCoder-1B
ggml_init_cublas: GGML_CUDA_FORCE_MMQ:   no
ggml_init_cublas: CUDA_USE_TENSOR_CORES: yes
ggml_init_cublas: found 1 CUDA devices:
  Device 0: NVIDIA A10, compute capability 8.6
MODEL_ID=TabbyML/StarCoder-1B
[2m2023-11-14T23:39:01.716924Z[0m [32m INFO[0m [2mtabby::serve[0m[2m:[0m [2mcrates/tabby/src/serve/mod.rs[0m[2m:[0m[2m146:[0m Starting server, this might takes a few minutes...
ggml_init_cublas: GGML_CUDA_FORCE_MMQ:   no
ggml_init_cublas: CUDA_USE_TENSOR_CORES: yes
ggml_init_cublas: found 1 CUDA devices:
  Device 0: NVIDIA A10, compute capability 8.6
[2m2023-11-14T23:39:01.868344Z[0m [32m INFO[0m [2mtabby::serve[0m[2m:[0m [2mcrates/tabby/src/serve/mod.rs[0m[2m:[0m[2m146:[0m Starting server, this might takes a few minutes...
ggml_init_cublas: GGML_CUDA_FORCE_MMQ:   no
ggml_init_cublas: CUDA_USE_TENSOR_CORES: yes
ggml_init_cublas: found 1 CUDA devices:
  Device 0: NVIDIA A10, compute capability 8.6
MODEL_ID=TabbyML/StarCoder-1B
[2m2023-11-14T23:39:02.419464Z[0m [32m INFO[0m [2mtabby::serve[0m[2m:[0m [2mcrates/tabby/src/serve/mod.rs[0m[2m:[0m[2m146:[0m Starting server, this might takes a few minutes...
ggml_init_cublas: GGML_CUDA_FORCE_MMQ:   no
ggml_init_cublas: CUDA_USE_TENSOR_CORES: yes
ggml_init_cublas: found 1 CUDA devices:
  Device 0: NVIDIA A10, compute capability 8.6
[2m2023-11-14T23:39:03.616099Z[0m [32m INFO[0m [2mtabby::serve[0m[2m:[0m [2mcrates/tabby/src/serve/mod.rs[0m[2m:[0m[2m165:[0m Listening at 0.0.0.0:8000

  [34;1mTELEMETRY[0m

  As an open source project, we collect usage statistics to inform development priorities. For more
  information, read https://tabby.tabbyml.com/docs/configuration#usage-collection

  We will not see or any code in your development process.

  To opt-out, add the TABBY_DISABLE_USAGE_COLLECTION=1 to your tabby server's environment variables.

  [1mWelcome to Tabby![0m

  If you have any questions or would like to engage with the Tabby team, please join us on Slack
  (https://tinyurl.com/35sv9kz2).


Tabby server ready!
[2m2023-11-14T23:39:04.607440Z[0m [32m INFO[0m [2mtabby::serve[0m[2m:[0m [2mcrates/tabby/src/serve/mod.rs[0m[2m:[0m[2m165:[0m Listening at 0.0.0.0:8000

  [34;1mTELEMETRY[0m

  As an open source project, we collect usage statistics to inform development priorities. For more
  information, read https://tabby.tabbyml.com/docs/configuration#usage-collection

  We will not see or any code in your development process.

  To opt-out, add the TABBY_DISABLE_USAGE_COLLECTION=1 to your tabby server's environment variables.

  [1mWelcome to Tabby![0m

  If you have any questions or would like to engage with the Tabby team, please join us on Slack
  (https://tinyurl.com/35sv9kz2).


Tabby server ready!
[2m2023-11-14T23:39:05.489139Z[0m [32m INFO[0m [2mtabby::serve[0m[2m:[0m [2mcrates/tabby/src/serve/mod.rs[0m[2m:[0m[2m165:[0m Listening at 0.0.0.0:8000

  [34;1mTELEMETRY[0m

  As an open source project, we collect usage statistics to inform development priorities. For more
  information, read https://tabby.tabbyml.com/docs/configuration#usage-collection

  We will not see or any code in your development process.

  To opt-out, add the TABBY_DISABLE_USAGE_COLLECTION=1 to your tabby server's environment variables.

  [1mWelcome to Tabby![0m

  If you have any questions or would like to engage with the Tabby team, please join us on Slack
  (https://tinyurl.com/35sv9kz2).


[2m2023-11-14T23:39:05.605663Z[0m [32m INFO[0m [2mtabby::serve[0m[2m:[0m [2mcrates/tabby/src/serve/mod.rs[0m[2m:[0m[2m165:[0m Listening at 0.0.0.0:8000
Tabby server ready!

  [34;1mTELEMETRY[0m

  As an open source project, we collect usage statistics to inform development priorities. For more
  information, read https://tabby.tabbyml.com/docs/configuration#usage-collection

  We will not see or any code in your development process.

  To opt-out, add the TABBY_DISABLE_USAGE_COLLECTION=1 to your tabby server's environment variables.

  [1mWelcome to Tabby![0m

  If you have any questions or would like to engage with the Tabby team, please join us on Slack
  (https://tinyurl.com/35sv9kz2).


[2m2023-11-14T23:39:05.873464Z[0m [32m INFO[0m [2mtabby::serve[0m[2m:[0m [2mcrates/tabby/src/serve/mod.rs[0m[2m:[0m[2m165:[0m Listening at 0.0.0.0:8000

  [34;1mTELEMETRY[0m

  As an open source project, we collect usage statistics to inform development priorities. For more
  information, read https://tabby.tabbyml.com/docs/configuration#usage-collection

  We will not see or any code in your development process.

  To opt-out, add the TABBY_DISABLE_USAGE_COLLECTION=1 to your tabby server's environment variables.

  [1mWelcome to Tabby![0m

  If you have any questions or would like to engage with the Tabby team, please join us on Slack
  (https://tinyurl.com/35sv9kz2).


Tabby server ready!
Tabby server ready!
Skipped 0 rows, 10 rows with predictions, 0 rows with errors
✓ App completed.
