[32m2023-11-14 15:30:11 -0800[0m - dagster - [34mDEBUG[0m - __ASSET_JOB_0 - 0a44fb8c-629a-433b-b86a-cd8098398cb3 - 80316 - LOGS_CAPTURED - Started capturing logs in process (pid: 80316).
[32m2023-11-14 15:30:11 -0800[0m - dagster - [34mDEBUG[0m - __ASSET_JOB_0 - 0a44fb8c-629a-433b-b86a-cd8098398cb3 - 80316 - model_predict - STEP_START - Started execution of step "model_predict".
â•­â”€â”€â”€â”€â”€â”€â”€â”€â”€â”€â”€â”€â”€â”€â”€â”€â”€â”€â”€â”€â”€ Traceback (most recent call last) â”€â”€â”€â”€â”€â”€â”€â”€â”€â”€â”€â”€â”€â”€â”€â”€â”€â”€â”€â”€â”€â”€â•®
â”‚ /Users/zhangyan/myenv/bin/modal:8 in <module>                                â”‚
â”‚                                                                              â”‚
â”‚   7 â”‚   sys.argv[0] = re.sub(r'(-script\.pyw|\.exe)?$', '', sys.argv[0])     â”‚
â”‚ â± 8 â”‚   sys.exit(main())                                                     â”‚
â”‚   9                                                                          â”‚
â”‚                                                                              â”‚
â”‚ /Users/zhangyan/myenv/lib/python3.9/site-packages/modal/__main__.py:9 in     â”‚
â”‚ main                                                                         â”‚
â”‚                                                                              â”‚
â”‚    8 â”‚   setup_rich_traceback()                                              â”‚
â”‚ â±  9 â”‚   entrypoint_cli()                                                    â”‚
â”‚   10                                                                         â”‚
â”‚                                                                              â”‚
â”‚ /Users/zhangyan/myenv/lib/python3.9/site-packages/click/core.py:1157 in      â”‚
â”‚ __call__                                                                     â”‚
â”‚                                                                              â”‚
â”‚   1156 â”‚   â”‚   """Alias for :meth:`main`."""                                 â”‚
â”‚ â± 1157 â”‚   â”‚   return self.main(*args, **kwargs)                             â”‚
â”‚   1158                                                                       â”‚
â”‚                                                                              â”‚
â”‚ /Users/zhangyan/myenv/lib/python3.9/site-packages/typer/core.py:778 in main  â”‚
â”‚                                                                              â”‚
â”‚   777 â”‚   ) -> Any:                                                          â”‚
â”‚ â± 778 â”‚   â”‚   return _main(                                                  â”‚
â”‚   779 â”‚   â”‚   â”‚   self,                                                      â”‚
â”‚                                                                              â”‚
â”‚ /Users/zhangyan/myenv/lib/python3.9/site-packages/typer/core.py:216 in _main â”‚
â”‚                                                                              â”‚
â”‚   215 â”‚   â”‚   â”‚   with self.make_context(prog_name, args, **extra) as ctx:   â”‚
â”‚ â± 216 â”‚   â”‚   â”‚   â”‚   rv = self.invoke(ctx)                                  â”‚
â”‚   217 â”‚   â”‚   â”‚   â”‚   if not standalone_mode:                                â”‚
â”‚                                                                              â”‚
â”‚ /Users/zhangyan/myenv/lib/python3.9/site-packages/click/core.py:1688 in      â”‚
â”‚ invoke                                                                       â”‚
â”‚                                                                              â”‚
â”‚   1687 â”‚   â”‚   â”‚   â”‚   with sub_ctx:                                         â”‚
â”‚ â± 1688 â”‚   â”‚   â”‚   â”‚   â”‚   return _process_result(sub_ctx.command.invoke(sub â”‚
â”‚   1689                                                                       â”‚
â”‚                                                                              â”‚
â”‚ /Users/zhangyan/myenv/lib/python3.9/site-packages/click/core.py:1682 in      â”‚
â”‚ invoke                                                                       â”‚
â”‚                                                                              â”‚
â”‚   1681 â”‚   â”‚   â”‚   with ctx:                                                 â”‚
â”‚ â± 1682 â”‚   â”‚   â”‚   â”‚   cmd_name, cmd, args = self.resolve_command(ctx, args) â”‚
â”‚   1683 â”‚   â”‚   â”‚   â”‚   assert cmd is not None                                â”‚
â”‚                                                                              â”‚
â”‚ /Users/zhangyan/myenv/lib/python3.9/site-packages/click/core.py:1729 in      â”‚
â”‚ resolve_command                                                              â”‚
â”‚                                                                              â”‚
â”‚   1728 â”‚   â”‚   # Get the command                                             â”‚
â”‚ â± 1729 â”‚   â”‚   cmd = self.get_command(ctx, cmd_name)                         â”‚
â”‚   1730                                                                       â”‚
â”‚                                                                              â”‚
â”‚ /Users/zhangyan/myenv/lib/python3.9/site-packages/modal/cli/run.py:162 in    â”‚
â”‚ get_command                                                                  â”‚
â”‚                                                                              â”‚
â”‚   161 â”‚   def get_command(self, ctx, func_ref):                              â”‚
â”‚ â± 162 â”‚   â”‚   function_or_entrypoint = import_function(func_ref, accept_loca â”‚
â”‚   163 â”‚   â”‚   stub: Stub = function_or_entrypoint.stub                       â”‚
â”‚                                                                              â”‚
â”‚ /Users/zhangyan/myenv/lib/python3.9/site-packages/modal/cli/import_refs.py:2 â”‚
â”‚ 17 in import_function                                                        â”‚
â”‚                                                                              â”‚
â”‚   216 â”‚   try:                                                               â”‚
â”‚ â± 217 â”‚   â”‚   module = import_file_or_module(import_ref.file_or_module)      â”‚
â”‚   218 â”‚   â”‚   obj_path = import_ref.object_path or DEFAULT_STUB_NAME  # get  â”‚
â”‚                                                                              â”‚
â”‚ /Users/zhangyan/myenv/lib/python3.9/site-packages/modal/cli/import_refs.py:7 â”‚
â”‚ 5 in import_file_or_module                                                   â”‚
â”‚                                                                              â”‚
â”‚    74 â”‚   â”‚   sys.modules[module_name] = module                              â”‚
â”‚ â±  75 â”‚   â”‚   spec.loader.exec_module(module)                                â”‚
â”‚    76 â”‚   else:                                                              â”‚
â”‚ <frozen importlib._bootstrap_external>:846 in exec_module                    â”‚
â”‚                                                                              â”‚
â”‚ <frozen importlib._bootstrap_external>:982 in get_code                       â”‚
â”‚                                                                              â”‚
â”‚ <frozen importlib._bootstrap_external>:1039 in get_data                      â”‚
â”‚                                                                              â”‚
â•°â”€â”€â”€â”€â”€â”€â”€â”€â”€â”€â”€â”€â”€â”€â”€â”€â”€â”€â”€â”€â”€â”€â”€â”€â”€â”€â”€â”€â”€â”€â”€â”€â”€â”€â”€â”€â”€â”€â”€â”€â”€â”€â”€â”€â”€â”€â”€â”€â”€â”€â”€â”€â”€â”€â”€â”€â”€â”€â”€â”€â”€â”€â”€â”€â”€â”€â”€â”€â”€â”€â”€â”€â”€â”€â”€â”€â”€â”€â•¯
FileNotFoundError: [Errno 2] No such file or directory: 'predict.py'
â•­â”€â”€â”€â”€â”€â”€â”€â”€â”€â”€â”€â”€â”€â”€â”€â”€â”€â”€â”€â”€â”€ Traceback (most recent call last) â”€â”€â”€â”€â”€â”€â”€â”€â”€â”€â”€â”€â”€â”€â”€â”€â”€â”€â”€â”€â”€â”€â•®
â”‚ /Users/zhangyan/myenv/bin/modal:8 in <module>                                â”‚
â”‚                                                                              â”‚
â”‚   7 â”‚   sys.argv[0] = re.sub(r'(-script\.pyw|\.exe)?$', '', sys.argv[0])     â”‚
â”‚ â± 8 â”‚   sys.exit(main())                                                     â”‚
â”‚   9                                                                          â”‚
â”‚                                                                              â”‚
â”‚ /Users/zhangyan/myenv/lib/python3.9/site-packages/modal/__main__.py:9 in     â”‚
â”‚ main                                                                         â”‚
â”‚                                                                              â”‚
â”‚    8 â”‚   setup_rich_traceback()                                              â”‚
â”‚ â±  9 â”‚   entrypoint_cli()                                                    â”‚
â”‚   10                                                                         â”‚
â”‚                                                                              â”‚
â”‚ /Users/zhangyan/myenv/lib/python3.9/site-packages/click/core.py:1157 in      â”‚
â”‚ __call__                                                                     â”‚
â”‚                                                                              â”‚
â”‚   1156 â”‚   â”‚   """Alias for :meth:`main`."""                                 â”‚
â”‚ â± 1157 â”‚   â”‚   return self.main(*args, **kwargs)                             â”‚
â”‚   1158                                                                       â”‚
â”‚                                                                              â”‚
â”‚ /Users/zhangyan/myenv/lib/python3.9/site-packages/typer/core.py:778 in main  â”‚
â”‚                                                                              â”‚
â”‚   777 â”‚   ) -> Any:                                                          â”‚
â”‚ â± 778 â”‚   â”‚   return _main(                                                  â”‚
â”‚   779 â”‚   â”‚   â”‚   self,                                                      â”‚
â”‚                                                                              â”‚
â”‚ /Users/zhangyan/myenv/lib/python3.9/site-packages/typer/core.py:216 in _main â”‚
â”‚                                                                              â”‚
â”‚   215 â”‚   â”‚   â”‚   with self.make_context(prog_name, args, **extra) as ctx:   â”‚
â”‚ â± 216 â”‚   â”‚   â”‚   â”‚   rv = self.invoke(ctx)                                  â”‚
â”‚   217 â”‚   â”‚   â”‚   â”‚   if not standalone_mode:                                â”‚
â”‚                                                                              â”‚
â”‚ /Users/zhangyan/myenv/lib/python3.9/site-packages/click/core.py:1688 in      â”‚
â”‚ invoke                                                                       â”‚
â”‚                                                                              â”‚
â”‚   1687 â”‚   â”‚   â”‚   â”‚   with sub_ctx:                                         â”‚
â”‚ â± 1688 â”‚   â”‚   â”‚   â”‚   â”‚   return _process_result(sub_ctx.command.invoke(sub â”‚
â”‚   1689                                                                       â”‚
â”‚                                                                              â”‚
â”‚ /Users/zhangyan/myenv/lib/python3.9/site-packages/click/core.py:1682 in      â”‚
â”‚ invoke                                                                       â”‚
â”‚                                                                              â”‚
â”‚   1681 â”‚   â”‚   â”‚   with ctx:                                                 â”‚
â”‚ â± 1682 â”‚   â”‚   â”‚   â”‚   cmd_name, cmd, args = self.resolve_command(ctx, args) â”‚
â”‚   1683 â”‚   â”‚   â”‚   â”‚   assert cmd is not None                                â”‚
â”‚                                                                              â”‚
â”‚ /Users/zhangyan/myenv/lib/python3.9/site-packages/click/core.py:1729 in      â”‚
â”‚ resolve_command                                                              â”‚
â”‚                                                                              â”‚
â”‚   1728 â”‚   â”‚   # Get the command                                             â”‚
â”‚ â± 1729 â”‚   â”‚   cmd = self.get_command(ctx, cmd_name)                         â”‚
â”‚   1730                                                                       â”‚
â”‚                                                                              â”‚
â”‚ /Users/zhangyan/myenv/lib/python3.9/site-packages/modal/cli/run.py:162 in    â”‚
â”‚ get_command                                                                  â”‚
â”‚                                                                              â”‚
â”‚   161 â”‚   def get_command(self, ctx, func_ref):                              â”‚
â”‚ â± 162 â”‚   â”‚   function_or_entrypoint = import_function(func_ref, accept_loca â”‚
â”‚   163 â”‚   â”‚   stub: Stub = function_or_entrypoint.stub                       â”‚
â”‚                                                                              â”‚
â”‚ /Users/zhangyan/myenv/lib/python3.9/site-packages/modal/cli/import_refs.py:2 â”‚
â”‚ 17 in import_function                                                        â”‚
â”‚                                                                              â”‚
â”‚   216 â”‚   try:                                                               â”‚
â”‚ â± 217 â”‚   â”‚   module = import_file_or_module(import_ref.file_or_module)      â”‚
â”‚   218 â”‚   â”‚   obj_path = import_ref.object_path or DEFAULT_STUB_NAME  # get  â”‚
â”‚                                                                              â”‚
â”‚ /Users/zhangyan/myenv/lib/python3.9/site-packages/modal/cli/import_refs.py:7 â”‚
â”‚ 5 in import_file_or_module                                                   â”‚
â”‚                                                                              â”‚
â”‚    74 â”‚   â”‚   sys.modules[module_name] = module                              â”‚
â”‚ â±  75 â”‚   â”‚   spec.loader.exec_module(module)                                â”‚
â”‚    76 â”‚   else:                                                              â”‚
â”‚ <frozen importlib._bootstrap_external>:846 in exec_module                    â”‚
â”‚                                                                              â”‚
â”‚ <frozen importlib._bootstrap_external>:982 in get_code                       â”‚
â”‚                                                                              â”‚
â”‚ <frozen importlib._bootstrap_external>:1039 in get_data                      â”‚
â”‚                                                                              â”‚
â•°â”€â”€â”€â”€â”€â”€â”€â”€â”€â”€â”€â”€â”€â”€â”€â”€â”€â”€â”€â”€â”€â”€â”€â”€â”€â”€â”€â”€â”€â”€â”€â”€â”€â”€â”€â”€â”€â”€â”€â”€â”€â”€â”€â”€â”€â”€â”€â”€â”€â”€â”€â”€â”€â”€â”€â”€â”€â”€â”€â”€â”€â”€â”€â”€â”€â”€â”€â”€â”€â”€â”€â”€â”€â”€â”€â”€â”€â”€â•¯
FileNotFoundError: [Errno 2] No such file or directory: 'predict.py'
â•­â”€â”€â”€â”€â”€â”€â”€â”€â”€â”€â”€â”€â”€â”€â”€â”€â”€â”€â”€â”€â”€ Traceback (most recent call last) â”€â”€â”€â”€â”€â”€â”€â”€â”€â”€â”€â”€â”€â”€â”€â”€â”€â”€â”€â”€â”€â”€â•®
â”‚ /Users/zhangyan/myenv/bin/modal:8 in <module>                                â”‚
â”‚                                                                              â”‚
â”‚   7 â”‚   sys.argv[0] = re.sub(r'(-script\.pyw|\.exe)?$', '', sys.argv[0])     â”‚
â”‚ â± 8 â”‚   sys.exit(main())                                                     â”‚
â”‚   9                                                                          â”‚
â”‚                                                                              â”‚
â”‚ /Users/zhangyan/myenv/lib/python3.9/site-packages/modal/__main__.py:9 in     â”‚
â”‚ main                                                                         â”‚
â”‚                                                                              â”‚
â”‚    8 â”‚   setup_rich_traceback()                                              â”‚
â”‚ â±  9 â”‚   entrypoint_cli()                                                    â”‚
â”‚   10                                                                         â”‚
â”‚                                                                              â”‚
â”‚ /Users/zhangyan/myenv/lib/python3.9/site-packages/click/core.py:1157 in      â”‚
â”‚ __call__                                                                     â”‚
â”‚                                                                              â”‚
â”‚   1156 â”‚   â”‚   """Alias for :meth:`main`."""                                 â”‚
â”‚ â± 1157 â”‚   â”‚   return self.main(*args, **kwargs)                             â”‚
â”‚   1158                                                                       â”‚
â”‚                                                                              â”‚
â”‚ /Users/zhangyan/myenv/lib/python3.9/site-packages/typer/core.py:778 in main  â”‚
â”‚                                                                              â”‚
â”‚   777 â”‚   ) -> Any:                                                          â”‚
â”‚ â± 778 â”‚   â”‚   return _main(                                                  â”‚
â”‚   779 â”‚   â”‚   â”‚   self,                                                      â”‚
â”‚                                                                              â”‚
â”‚ /Users/zhangyan/myenv/lib/python3.9/site-packages/typer/core.py:216 in _main â”‚
â”‚                                                                              â”‚
â”‚   215 â”‚   â”‚   â”‚   with self.make_context(prog_name, args, **extra) as ctx:   â”‚
â”‚ â± 216 â”‚   â”‚   â”‚   â”‚   rv = self.invoke(ctx)                                  â”‚
â”‚   217 â”‚   â”‚   â”‚   â”‚   if not standalone_mode:                                â”‚
â”‚                                                                              â”‚
â”‚ /Users/zhangyan/myenv/lib/python3.9/site-packages/click/core.py:1688 in      â”‚
â”‚ invoke                                                                       â”‚
â”‚                                                                              â”‚
â”‚   1687 â”‚   â”‚   â”‚   â”‚   with sub_ctx:                                         â”‚
â”‚ â± 1688 â”‚   â”‚   â”‚   â”‚   â”‚   return _process_result(sub_ctx.command.invoke(sub â”‚
â”‚   1689                                                                       â”‚
â”‚                                                                              â”‚
â”‚ /Users/zhangyan/myenv/lib/python3.9/site-packages/click/core.py:1682 in      â”‚
â”‚ invoke                                                                       â”‚
â”‚                                                                              â”‚
â”‚   1681 â”‚   â”‚   â”‚   with ctx:                                                 â”‚
â”‚ â± 1682 â”‚   â”‚   â”‚   â”‚   cmd_name, cmd, args = self.resolve_command(ctx, args) â”‚
â”‚   1683 â”‚   â”‚   â”‚   â”‚   assert cmd is not None                                â”‚
â”‚                                                                              â”‚
â”‚ /Users/zhangyan/myenv/lib/python3.9/site-packages/click/core.py:1729 in      â”‚
â”‚ resolve_command                                                              â”‚
â”‚                                                                              â”‚
â”‚   1728 â”‚   â”‚   # Get the command                                             â”‚
â”‚ â± 1729 â”‚   â”‚   cmd = self.get_command(ctx, cmd_name)                         â”‚
â”‚   1730                                                                       â”‚
â”‚                                                                              â”‚
â”‚ /Users/zhangyan/myenv/lib/python3.9/site-packages/modal/cli/run.py:162 in    â”‚
â”‚ get_command                                                                  â”‚
â”‚                                                                              â”‚
â”‚   161 â”‚   def get_command(self, ctx, func_ref):                              â”‚
â”‚ â± 162 â”‚   â”‚   function_or_entrypoint = import_function(func_ref, accept_loca â”‚
â”‚   163 â”‚   â”‚   stub: Stub = function_or_entrypoint.stub                       â”‚
â”‚                                                                              â”‚
â”‚ /Users/zhangyan/myenv/lib/python3.9/site-packages/modal/cli/import_refs.py:2 â”‚
â”‚ 17 in import_function                                                        â”‚
â”‚                                                                              â”‚
â”‚   216 â”‚   try:                                                               â”‚
â”‚ â± 217 â”‚   â”‚   module = import_file_or_module(import_ref.file_or_module)      â”‚
â”‚   218 â”‚   â”‚   obj_path = import_ref.object_path or DEFAULT_STUB_NAME  # get  â”‚
â”‚                                                                              â”‚
â”‚ /Users/zhangyan/myenv/lib/python3.9/site-packages/modal/cli/import_refs.py:7 â”‚
â”‚ 5 in import_file_or_module                                                   â”‚
â”‚                                                                              â”‚
â”‚    74 â”‚   â”‚   sys.modules[module_name] = module                              â”‚
â”‚ â±  75 â”‚   â”‚   spec.loader.exec_module(module)                                â”‚
â”‚    76 â”‚   else:                                                              â”‚
â”‚ <frozen importlib._bootstrap_external>:846 in exec_module                    â”‚
â”‚                                                                              â”‚
â”‚ <frozen importlib._bootstrap_external>:982 in get_code                       â”‚
â”‚                                                                              â”‚
â”‚ <frozen importlib._bootstrap_external>:1039 in get_data                      â”‚
â”‚                                                                              â”‚
â•°â”€â”€â”€â”€â”€â”€â”€â”€â”€â”€â”€â”€â”€â”€â”€â”€â”€â”€â”€â”€â”€â”€â”€â”€â”€â”€â”€â”€â”€â”€â”€â”€â”€â”€â”€â”€â”€â”€â”€â”€â”€â”€â”€â”€â”€â”€â”€â”€â”€â”€â”€â”€â”€â”€â”€â”€â”€â”€â”€â”€â”€â”€â”€â”€â”€â”€â”€â”€â”€â”€â”€â”€â”€â”€â”€â”€â”€â”€â•¯
FileNotFoundError: [Errno 2] No such file or directory: 'predict.py'
[32m2023-11-14 15:30:13 -0800[0m - dagster - [34mDEBUG[0m - __ASSET_JOB_0 - 0a44fb8c-629a-433b-b86a-cd8098398cb3 - 80316 - model_predict - STEP_OUTPUT - Yielded output "result" of type "Nothing". (Type check passed).
[32m2023-11-14 15:30:13 -0800[0m - dagster - [34mDEBUG[0m - __ASSET_JOB_0 - 0a44fb8c-629a-433b-b86a-cd8098398cb3 - 80316 - model_predict - ASSET_MATERIALIZATION - Materialized value model_predict.
[32m2023-11-14 15:30:13 -0800[0m - dagster - [34mDEBUG[0m - __ASSET_JOB_0 - 0a44fb8c-629a-433b-b86a-cd8098398cb3 - 80316 - model_predict - HANDLED_OUTPUT - Handled output "result" using IO manager "io_manager"
[32m2023-11-14 15:30:13 -0800[0m - dagster - [34mDEBUG[0m - __ASSET_JOB_0 - 0a44fb8c-629a-433b-b86a-cd8098398cb3 - 80316 - model_predict - STEP_SUCCESS - Finished execution of step "model_predict" in 1.69s.
